#
# There is insufficient memory for the Java Runtime Environment to continue.
# Native memory allocation (malloc) failed to allocate 1031456 bytes for Chunk::new
# Possible reasons:
#   The system is out of physical RAM or swap space
#   The process is running with CompressedOops enabled, and the Java Heap may be blocking the growth of the native heap
# Possible solutions:
#   Reduce memory load on the system
#   Increase physical memory or swap space
#   Check if swap backing store is full
#   Decrease Java heap size (-Xmx/-Xms)
#   Decrease number of Java threads
#   Decrease Java thread stack sizes (-Xss)
#   Set larger code cache with -XX:ReservedCodeCacheSize=
#   JVM is running with Unscaled Compressed Oops mode in which the Java heap is
#     placed in the first 4GB address space. The Java Heap base address is the
#     maximum limit for the native heap growth. Please use -XX:HeapBaseMinAddress
#     to set the Java Heap base and to place the Java Heap above 4GB virtual address.
# This output file may be truncated or incomplete.
#
#  Out of Memory Error (allocation.cpp:389), pid=10952, tid=0x0000000000003c14
#
# JRE version: OpenJDK Runtime Environment (8.0_242-b01) (build 1.8.0_242-release-1644-b01)
# Java VM: OpenJDK 64-Bit Server VM (25.242-b01 mixed mode windows-amd64 compressed oops)
# Failed to write core dump. Minidumps are not enabled by default on client versions of Windows
#

---------------  T H R E A D  ---------------

Current thread (0x000000001765a000):  JavaThread "C2 CompilerThread0" daemon [_thread_in_native, id=15380, stack(0x0000000018f50000,0x0000000019050000)]

Stack: [0x0000000018f50000,0x0000000019050000]
[error occurred during error reporting (printing stack bounds), id 0xc0000005]

Native frames: (J=compiled Java code, j=interpreted, Vv=VM code, C=native code)


Current CompileTask:
C2:1168722 14916 %     4       com.android.tools.r8.dex.n::a @ 312 (910 bytes)


---------------  P R O C E S S  ---------------

Java Threads: ( => current thread )
  0x000000001d4db800 JavaThread "ForkJoinPool-3-worker-0" daemon [_thread_in_vm, id=11740, stack(0x000000002e520000,0x000000002e620000)]
  0x000000001d4de000 JavaThread "ForkJoinPool-3-worker-3" daemon [_thread_in_Java, id=19064, stack(0x000000002e420000,0x000000002e520000)]
  0x000000001d4dd000 JavaThread "ForkJoinPool-3-worker-2" daemon [_thread_in_vm, id=11164, stack(0x000000002e320000,0x000000002e420000)]
  0x000000001d4da000 JavaThread "ForkJoinPool-3-worker-1" daemon [_thread_in_Java, id=18848, stack(0x000000002d9c0000,0x000000002dac0000)]
  0x000000001d4db000 JavaThread "stdout" [_thread_in_native, id=5396, stack(0x000000002dcc0000,0x000000002ddc0000)]
  0x000000001d4d4000 JavaThread "stderr" [_thread_in_native, id=1160, stack(0x000000002dbc0000,0x000000002dcc0000)]
  0x000000001d4d8800 JavaThread "stdout" [_thread_in_native, id=19732, stack(0x000000002d8c0000,0x000000002d9c0000)]
  0x000000001d4d9800 JavaThread "stderr" [_thread_in_native, id=1120, stack(0x000000002d7c0000,0x000000002d8c0000)]
  0x000000001d4d5000 JavaThread "pool-4-thread-1" [_thread_blocked, id=14412, stack(0x000000002d370000,0x000000002d470000)]
  0x000000001d4d3800 JavaThread "WorkerExecutor Queue Thread 5" [_thread_blocked, id=10176, stack(0x000000002cf70000,0x000000002d070000)]
  0x000000001d4d7000 JavaThread "WorkerExecutor Queue Thread 4" [_thread_in_native, id=1312, stack(0x000000002d070000,0x000000002d170000)]
  0x000000001d4d6800 JavaThread "WorkerExecutor Queue Thread 2" [_thread_blocked, id=5536, stack(0x000000002ce70000,0x000000002cf70000)]
  0x0000000019e73800 JavaThread "WorkerExecutor Queue" [_thread_blocked, id=6268, stack(0x000000002c950000,0x000000002ca50000)]
  0x0000000019e73000 JavaThread "Cache worker for execution history cache (C:\Users\Nam\AndroidStudioProjects\SmartCarrier_20210724_njy\SmartCarrier\.gradle\6.5\executionHistory)" [_thread_blocked, id=9372, stack(0x000000002c850000,0x000000002c950000)]
  0x0000000019e72000 JavaThread "Execution worker for ':' Thread 3" [_thread_blocked, id=7200, stack(0x000000002af10000,0x000000002b010000)]
  0x0000000019e76800 JavaThread "Execution worker for ':' Thread 2" [_thread_blocked, id=14356, stack(0x000000002a950000,0x000000002aa50000)]
  0x0000000019e74800 JavaThread "Execution worker for ':'" [_thread_blocked, id=16136, stack(0x000000002a650000,0x000000002a750000)]
  0x0000000019e77800 JavaThread "Cache worker for file content cache (C:\Users\Nam\AndroidStudioProjects\SmartCarrier_20210724_njy\SmartCarrier\.gradle\6.5\fileContent)" [_thread_blocked, id=3936, stack(0x0000000029430000,0x0000000029530000)]
  0x0000000019e6a800 JavaThread "pool-3-thread-1" [_thread_blocked, id=708, stack(0x0000000029130000,0x0000000029230000)]
  0x0000000019e6a000 JavaThread "Cache worker for Build Output Cleanup Cache (C:\Users\Nam\AndroidStudioProjects\SmartCarrier_20210724_njy\SmartCarrier\.gradle\buildOutputCleanup)" [_thread_blocked, id=11924, stack(0x0000000029030000,0x0000000029130000)]
  0x0000000019e70000 JavaThread "jar transforms Thread 188" [_thread_blocked, id=12264, stack(0x0000000028f30000,0x0000000029030000)]
  0x0000000019e68800 JavaThread "jar transforms Thread 187" [_thread_blocked, id=18216, stack(0x0000000028e30000,0x0000000028f30000)]
  0x0000000019e6e800 JavaThread "jar transforms Thread 186" [_thread_blocked, id=13908, stack(0x0000000028d30000,0x0000000028e30000)]
  0x0000000019e6b800 JavaThread "jar transforms Thread 185" [_thread_blocked, id=16912, stack(0x0000000028c30000,0x0000000028d30000)]
  0x0000000019e6f000 JavaThread "jar transforms Thread 184" [_thread_blocked, id=11472, stack(0x0000000028b30000,0x0000000028c30000)]
  0x0000000019e6d800 JavaThread "jar transforms Thread 183" [_thread_blocked, id=1704, stack(0x0000000028a30000,0x0000000028b30000)]
  0x0000000019e69000 JavaThread "jar transforms Thread 182" [_thread_blocked, id=14376, stack(0x0000000028930000,0x0000000028a30000)]
  0x0000000019e6c000 JavaThread "jar transforms Thread 181" [_thread_blocked, id=2472, stack(0x0000000028830000,0x0000000028930000)]
  0x0000000019e6d000 JavaThread "jar transforms Thread 180" [_thread_blocked, id=19576, stack(0x0000000028730000,0x0000000028830000)]
  0x000000001e879000 JavaThread "jar transforms Thread 179" [_thread_blocked, id=6120, stack(0x0000000028630000,0x0000000028730000)]
  0x000000001e87d000 JavaThread "jar transforms Thread 178" [_thread_blocked, id=19700, stack(0x0000000028530000,0x0000000028630000)]
  0x000000001e87c000 JavaThread "jar transforms Thread 177" [_thread_blocked, id=12984, stack(0x0000000028430000,0x0000000028530000)]
  0x000000001e87a000 JavaThread "jar transforms Thread 176" [_thread_blocked, id=2832, stack(0x0000000028330000,0x0000000028430000)]
  0x000000001e87a800 JavaThread "jar transforms Thread 175" [_thread_blocked, id=3856, stack(0x0000000028230000,0x0000000028330000)]
  0x000000001e87b800 JavaThread "jar transforms Thread 174" [_thread_blocked, id=6932, stack(0x0000000028130000,0x0000000028230000)]
  0x000000001e87d800 JavaThread "jar transforms Thread 173" [_thread_blocked, id=1940, stack(0x0000000028030000,0x0000000028130000)]
  0x000000001e871800 JavaThread "jar transforms Thread 172" [_thread_blocked, id=12640, stack(0x0000000027f30000,0x0000000028030000)]
  0x000000001e878800 JavaThread "jar transforms Thread 171" [_thread_blocked, id=15184, stack(0x0000000027e30000,0x0000000027f30000)]
  0x000000001e877800 JavaThread "jar transforms Thread 170" [_thread_blocked, id=18384, stack(0x0000000027d30000,0x0000000027e30000)]
  0x000000001e877000 JavaThread "jar transforms Thread 169" [_thread_blocked, id=16644, stack(0x0000000027c30000,0x0000000027d30000)]
  0x000000001e876000 JavaThread "jar transforms Thread 168" [_thread_blocked, id=18804, stack(0x0000000027b30000,0x0000000027c30000)]
  0x000000001e874800 JavaThread "jar transforms Thread 167" [_thread_blocked, id=12756, stack(0x0000000027a30000,0x0000000027b30000)]
  0x000000001e874000 JavaThread "jar transforms Thread 166" [_thread_blocked, id=4196, stack(0x0000000027930000,0x0000000027a30000)]
  0x000000001e870000 JavaThread "jar transforms Thread 165" [_thread_blocked, id=19728, stack(0x0000000027830000,0x0000000027930000)]
  0x000000001e86f800 JavaThread "jar transforms Thread 164" [_thread_blocked, id=1616, stack(0x0000000027730000,0x0000000027830000)]
  0x000000001e873000 JavaThread "jar transforms Thread 163" [_thread_blocked, id=18248, stack(0x0000000027630000,0x0000000027730000)]
  0x000000001e871000 JavaThread "jar transforms Thread 162" [_thread_blocked, id=2984, stack(0x0000000027530000,0x0000000027630000)]
  0x000000001e872800 JavaThread "jar transforms Thread 161" [_thread_blocked, id=9012, stack(0x0000000027430000,0x0000000027530000)]
  0x000000001e86e800 JavaThread "jar transforms Thread 160" [_thread_blocked, id=11304, stack(0x0000000027330000,0x0000000027430000)]
  0x000000001e875800 JavaThread "jar transforms Thread 159" [_thread_blocked, id=7404, stack(0x0000000027230000,0x0000000027330000)]
  0x000000001b28f000 JavaThread "jar transforms Thread 158" [_thread_blocked, id=5640, stack(0x0000000027130000,0x0000000027230000)]
  0x000000001b294000 JavaThread "jar transforms Thread 157" [_thread_blocked, id=17520, stack(0x0000000027030000,0x0000000027130000)]
  0x000000001b292000 JavaThread "jar transforms Thread 156" [_thread_blocked, id=7796, stack(0x0000000026f30000,0x0000000027030000)]
  0x000000001b293800 JavaThread "jar transforms Thread 155" [_thread_blocked, id=9196, stack(0x0000000026e30000,0x0000000026f30000)]
  0x000000001b28e000 JavaThread "jar transforms Thread 154" [_thread_blocked, id=12012, stack(0x0000000026d30000,0x0000000026e30000)]
  0x000000001b290800 JavaThread "jar transforms Thread 153" [_thread_blocked, id=12228, stack(0x0000000026c30000,0x0000000026d30000)]
  0x000000001b28d800 JavaThread "jar transforms Thread 152" [_thread_blocked, id=12508, stack(0x0000000026b30000,0x0000000026c30000)]
  0x000000001b291000 JavaThread "jar transforms Thread 151" [_thread_blocked, id=15664, stack(0x0000000026a30000,0x0000000026b30000)]
  0x000000001b292800 JavaThread "jar transforms Thread 150" [_thread_blocked, id=9560, stack(0x0000000026930000,0x0000000026a30000)]
  0x000000001b28f800 JavaThread "jar transforms Thread 149" [_thread_blocked, id=18720, stack(0x0000000026830000,0x0000000026930000)]
  0x000000001b286000 JavaThread "jar transforms Thread 148" [_thread_blocked, id=11128, stack(0x0000000026730000,0x0000000026830000)]
  0x000000001b28b000 JavaThread "jar transforms Thread 147" [_thread_blocked, id=11892, stack(0x0000000026630000,0x0000000026730000)]
  0x000000001b28c800 JavaThread "jar transforms Thread 146" [_thread_blocked, id=18808, stack(0x0000000026530000,0x0000000026630000)]
  0x000000001b287800 JavaThread "jar transforms Thread 145" [_thread_blocked, id=15364, stack(0x0000000026430000,0x0000000026530000)]
  0x000000001b288000 JavaThread "jar transforms Thread 144" [_thread_blocked, id=20452, stack(0x0000000026330000,0x0000000026430000)]
  0x000000001b28a800 JavaThread "jar transforms Thread 143" [_thread_blocked, id=6924, stack(0x0000000026230000,0x0000000026330000)]
  0x000000001b289000 JavaThread "jar transforms Thread 142" [_thread_blocked, id=15732, stack(0x0000000026130000,0x0000000026230000)]
  0x000000001b286800 JavaThread "jar transforms Thread 141" [_thread_blocked, id=16740, stack(0x0000000026030000,0x0000000026130000)]
  0x000000001b285000 JavaThread "jar transforms Thread 140" [_thread_blocked, id=12392, stack(0x0000000025f30000,0x0000000026030000)]
  0x000000001b28c000 JavaThread "jar transforms Thread 139" [_thread_blocked, id=2324, stack(0x0000000025e30000,0x0000000025f30000)]
  0x000000001b289800 JavaThread "jar transforms Thread 138" [_thread_blocked, id=2508, stack(0x0000000025d30000,0x0000000025e30000)]
  0x000000001e1a6800 JavaThread "jar transforms Thread 137" [_thread_blocked, id=8112, stack(0x0000000025c30000,0x0000000025d30000)]
  0x000000001e1a9800 JavaThread "jar transforms Thread 136" [_thread_blocked, id=4544, stack(0x0000000025b30000,0x0000000025c30000)]
  0x000000001e1a7000 JavaThread "jar transforms Thread 135" [_thread_blocked, id=9092, stack(0x0000000025a30000,0x0000000025b30000)]
  0x000000001e1a5000 JavaThread "jar transforms Thread 134" [_thread_blocked, id=13556, stack(0x0000000025930000,0x0000000025a30000)]
  0x000000001e1a8000 JavaThread "jar transforms Thread 133" [_thread_blocked, id=9668, stack(0x0000000025830000,0x0000000025930000)]
  0x000000001e1a8800 JavaThread "jar transforms Thread 132" [_thread_blocked, id=19540, stack(0x0000000025730000,0x0000000025830000)]
  0x000000001e1a5800 JavaThread "jar transforms Thread 131" [_thread_blocked, id=16668, stack(0x0000000025630000,0x0000000025730000)]
  0x000000001e19d800 JavaThread "jar transforms Thread 130" [_thread_blocked, id=16832, stack(0x0000000025530000,0x0000000025630000)]
  0x000000001e1a4000 JavaThread "jar transforms Thread 129" [_thread_blocked, id=18612, stack(0x0000000025430000,0x0000000025530000)]
  0x000000001e1a3800 JavaThread "jar transforms Thread 128" [_thread_blocked, id=17780, stack(0x0000000025330000,0x0000000025430000)]
  0x000000001e19c000 JavaThread "jar transforms Thread 127" [_thread_blocked, id=10968, stack(0x0000000025230000,0x0000000025330000)]
  0x000000001e19f800 JavaThread "jar transforms Thread 126" [_thread_blocked, id=8156, stack(0x0000000025130000,0x0000000025230000)]
  0x000000001e19f000 JavaThread "jar transforms Thread 125" [_thread_blocked, id=12000, stack(0x0000000025030000,0x0000000025130000)]
  0x000000001e1a2800 JavaThread "jar transforms Thread 124" [_thread_blocked, id=15164, stack(0x0000000024f30000,0x0000000025030000)]
  0x000000001e19c800 JavaThread "jar transforms Thread 123" [_thread_blocked, id=10564, stack(0x0000000024e30000,0x0000000024f30000)]
  0x000000001e19b000 JavaThread "jar transforms Thread 122" [_thread_blocked, id=10780, stack(0x0000000024d30000,0x0000000024e30000)]
  0x000000001e1a2000 JavaThread "jar transforms Thread 121" [_thread_blocked, id=13760, stack(0x00000000239e0000,0x0000000023ae0000)]
  0x000000001e19e000 JavaThread "jar transforms Thread 120" [_thread_blocked, id=20372, stack(0x00000000238e0000,0x00000000239e0000)]
  0x000000001e19a800 JavaThread "jar transforms Thread 119" [_thread_blocked, id=10684, stack(0x00000000237e0000,0x00000000238e0000)]
  0x000000001e1a1000 JavaThread "jar transforms Thread 118" [_thread_blocked, id=10916, stack(0x00000000236e0000,0x00000000237e0000)]
  0x000000001e1a0800 JavaThread "jar transforms Thread 117" [_thread_blocked, id=16200, stack(0x0000000022dd0000,0x0000000022ed0000)]
  0x000000001b02a000 JavaThread "jar transforms Thread 116" [_thread_blocked, id=19636, stack(0x00000000224d0000,0x00000000225d0000)]
  0x000000001b028000 JavaThread "jar transforms Thread 115" [_thread_blocked, id=7624, stack(0x0000000021fd0000,0x00000000220d0000)]
  0x000000001b025800 JavaThread "jar transforms Thread 114" [_thread_blocked, id=19792, stack(0x0000000021ed0000,0x0000000021fd0000)]
  0x000000001b02b800 JavaThread "jar transforms Thread 113" [_thread_blocked, id=19808, stack(0x0000000021dd0000,0x0000000021ed0000)]
  0x000000001b027000 JavaThread "jar transforms Thread 112" [_thread_blocked, id=6264, stack(0x0000000021cd0000,0x0000000021dd0000)]
  0x000000001b02b000 JavaThread "jar transforms Thread 111" [_thread_blocked, id=12044, stack(0x0000000021bd0000,0x0000000021cd0000)]
  0x000000001b029800 JavaThread "jar transforms Thread 110" [_thread_blocked, id=11816, stack(0x0000000021ad0000,0x0000000021bd0000)]
  0x000000001b028800 JavaThread "jar transforms Thread 109" [_thread_blocked, id=8092, stack(0x00000000219d0000,0x0000000021ad0000)]
  0x0000000019f7d800 JavaThread "jar transforms Thread 108" [_thread_blocked, id=6444, stack(0x00000000218d0000,0x00000000219d0000)]
  0x0000000019f77800 JavaThread "jar transforms Thread 107" [_thread_blocked, id=14828, stack(0x00000000217d0000,0x00000000218d0000)]
  0x0000000019f7c800 JavaThread "jar transforms Thread 106" [_thread_blocked, id=1124, stack(0x00000000216d0000,0x00000000217d0000)]
  0x0000000019f7c000 JavaThread "jar transforms Thread 105" [_thread_blocked, id=3920, stack(0x00000000215d0000,0x00000000216d0000)]
  0x0000000019f7e000 JavaThread "jar transforms Thread 104" [_thread_blocked, id=5860, stack(0x00000000214d0000,0x00000000215d0000)]
  0x0000000019f7b000 JavaThread "jar transforms Thread 103" [_thread_blocked, id=9540, stack(0x00000000213d0000,0x00000000214d0000)]
  0x0000000019f7a800 JavaThread "jar transforms Thread 102" [_thread_blocked, id=6680, stack(0x00000000212d0000,0x00000000213d0000)]
  0x0000000019f76800 JavaThread "jar transforms Thread 101" [_thread_blocked, id=16992, stack(0x00000000211d0000,0x00000000212d0000)]
  0x0000000019f79800 JavaThread "jar transforms Thread 100" [_thread_blocked, id=17884, stack(0x00000000210d0000,0x00000000211d0000)]
  0x0000000019f78000 JavaThread "jar transforms Thread 99" [_thread_blocked, id=14468, stack(0x0000000020fd0000,0x00000000210d0000)]
  0x0000000019f79000 JavaThread "jar transforms Thread 98" [_thread_blocked, id=8304, stack(0x0000000020ed0000,0x0000000020fd0000)]
  0x0000000019f6f000 JavaThread "jar transforms Thread 97" [_thread_blocked, id=4128, stack(0x0000000020dd0000,0x0000000020ed0000)]
  0x0000000019f75000 JavaThread "jar transforms Thread 96" [_thread_blocked, id=20168, stack(0x0000000020cd0000,0x0000000020dd0000)]
  0x000000001e0a9800 JavaThread "jar transforms Thread 95" [_thread_blocked, id=15064, stack(0x0000000020bd0000,0x0000000020cd0000)]
  0x000000001e0a8000 JavaThread "Build operations Thread 4" [_thread_blocked, id=16488, stack(0x0000000020ad0000,0x0000000020bd0000)]
  0x000000001e0a7000 JavaThread "Build operations Thread 3" [_thread_blocked, id=19828, stack(0x000000001f770000,0x000000001f870000)]
  0x000000001e0a6800 JavaThread "Build operations Thread 2" [_thread_blocked, id=15076, stack(0x000000001f670000,0x000000001f770000)]
  0x000000001e0a8800 JavaThread "Build operations" [_thread_blocked, id=18152, stack(0x000000001f570000,0x000000001f670000)]
  0x000000001e0a5800 JavaThread "Cache worker for cache directory md-rule (C:\Users\Nam\.gradle\caches\6.5\md-rule)" [_thread_blocked, id=15508, stack(0x000000001f470000,0x000000001f570000)]
  0x000000001e09e000 JavaThread "Cache worker for cache directory md-supplier (C:\Users\Nam\.gradle\caches\6.5\md-supplier)" [_thread_blocked, id=20188, stack(0x000000001cbd0000,0x000000001ccd0000)]
  0x000000001e0a5000 JavaThread "Cache worker for checksums cache (C:\Users\Nam\AndroidStudioProjects\SmartCarrier_20210724_njy\SmartCarrier\.gradle\checksums)" [_thread_blocked, id=15252, stack(0x000000001cad0000,0x000000001cbd0000)]
  0x000000001e09d800 JavaThread "Cache worker for file hash cache (C:\Users\Nam\AndroidStudioProjects\SmartCarrier_20210724_njy\SmartCarrier\.gradle\6.5\fileHashes)" [_thread_blocked, id=8, stack(0x000000001c9d0000,0x000000001cad0000)]
  0x000000001e0a3800 JavaThread "Thread-128" [_thread_blocked, id=18692, stack(0x000000001c8d0000,0x000000001c9d0000)]
  0x000000001e0a4000 JavaThread "Stdin handler" [_thread_blocked, id=9144, stack(0x000000001c7d0000,0x000000001c8d0000)]
  0x000000001e09c000 JavaThread "Asynchronous log dispatcher for DefaultDaemonConnection: socket connection from /127.0.0.1:8390 to /127.0.0.1:6561" [_thread_blocked, id=7876, stack(0x000000001c6d0000,0x000000001c7d0000)]
  0x000000001e0a2800 JavaThread "Daemon worker Thread 2" [_thread_blocked, id=2924, stack(0x000000001c5d0000,0x000000001c6d0000)]
  0x000000001e09f000 JavaThread "Cancel handler" [_thread_blocked, id=2608, stack(0x00000000009e0000,0x0000000000ae0000)]
  0x000000001e09c800 JavaThread "Handler for socket connection from /127.0.0.1:8390 to /127.0.0.1:6561" [_thread_in_native, id=10024, stack(0x00000000008e0000,0x00000000009e0000)]
  0x000000001e0a0800 JavaThread "Daemon Thread 2" [_thread_blocked, id=20300, stack(0x00000000007e0000,0x00000000008e0000)]
  0x000000001e09a800 JavaThread "Memory manager" [_thread_blocked, id=15928, stack(0x0000000029930000,0x0000000029a30000)]
  0x0000000019f73800 JavaThread "Cache worker for file content cache (C:\Users\Nam\.gradle\caches\6.5\fileContent)" [_thread_blocked, id=11592, stack(0x0000000022cd0000,0x0000000022dd0000)]
  0x0000000019f70800 JavaThread "Cache worker for execution history cache (C:\Users\Nam\.gradle\caches\6.5\executionHistory)" [_thread_blocked, id=9984, stack(0x00000000227d0000,0x00000000228d0000)]
  0x000000001b026800 JavaThread "Cache worker for file hash cache (C:\Users\Nam\.gradle\caches\6.5\fileHashes)" [_thread_blocked, id=16364, stack(0x000000001d1d0000,0x000000001d2d0000)]
  0x000000001b025000 JavaThread "File lock request listener" [_thread_in_native, id=16496, stack(0x000000001d0d0000,0x000000001d1d0000)]
  0x000000001b04d000 JavaThread "Cache worker for journal cache (C:\Users\Nam\.gradle\caches\journal-1)" [_thread_blocked, id=13296, stack(0x000000001ced0000,0x000000001cfd0000)]
  0x000000001aebc000 JavaThread "Daemon periodic checks" [_thread_blocked, id=16776, stack(0x000000001c2d0000,0x000000001c3d0000)]
  0x000000001ae62000 JavaThread "Incoming local TCP Connector on port 8390" [_thread_in_native, id=18112, stack(0x000000001c0f0000,0x000000001c1f0000)]
  0x000000001add7000 JavaThread "Daemon health stats" [_thread_blocked, id=15224, stack(0x000000001bdf0000,0x000000001bef0000)]
  0x00000000189d4000 JavaThread "Service Thread" daemon [_thread_blocked, id=8032, stack(0x0000000019250000,0x0000000019350000)]
  0x000000001895f800 JavaThread "C1 CompilerThread2" daemon [_thread_in_vm, id=16272, stack(0x0000000019150000,0x0000000019250000)]
  0x000000001895b800 JavaThread "C2 CompilerThread1" daemon [_thread_in_native, id=20256, stack(0x0000000019050000,0x0000000019150000)]
=>0x000000001765a000 JavaThread "C2 CompilerThread0" daemon [_thread_in_native, id=15380, stack(0x0000000018f50000,0x0000000019050000)]
  0x0000000017659800 JavaThread "Attach Listener" daemon [_thread_blocked, id=17128, stack(0x0000000018e50000,0x0000000018f50000)]
  0x0000000018958800 JavaThread "Signal Dispatcher" daemon [_thread_blocked, id=17604, stack(0x0000000018d50000,0x0000000018e50000)]
  0x00000000029db800 JavaThread "Finalizer" daemon [_thread_blocked, id=19892, stack(0x0000000018850000,0x0000000018950000)]
  0x00000000175e9000 JavaThread "Reference Handler" daemon [_thread_blocked, id=15460, stack(0x0000000018750000,0x0000000018850000)]
  0x0000000000b6e000 JavaThread "main" [_thread_blocked, id=844, stack(0x00000000023e0000,0x00000000024e0000)]

Other Threads:
  0x00000000175c7000 VMThread [stack: 0x0000000018650000,0x0000000018750000] [id=1264]
  0x00000000189d5000 WatcherThread [stack: 0x0000000019350000,0x0000000019450000] [id=4448]

VM state:not at safepoint (normal execution)

VM Mutex/Monitor currently owned by a thread: None

heap address: 0x0000000080000000, size: 2048 MB, Compressed Oops mode: 32-bit
Narrow klass base: 0x0000000000000000, Narrow klass shift: 3
Compressed class space size: 1073741824 Address: 0x0000000100000000

Heap:
 PSYoungGen      total 297472K, used 257273K [0x00000000d5580000, 0x00000000ea280000, 0x0000000100000000)
  eden space 253952K, 90% used [0x00000000d5580000,0x00000000e35aaea8,0x00000000e4d80000)
  from space 43520K, 64% used [0x00000000e4d80000,0x00000000e68b9df8,0x00000000e7800000)
  to   space 39936K, 0% used [0x00000000e7b80000,0x00000000e7b80000,0x00000000ea280000)
 ParOldGen       total 135680K, used 69837K [0x0000000080000000, 0x0000000088480000, 0x00000000d5580000)
  object space 135680K, 51% used [0x0000000080000000,0x0000000084433540,0x0000000088480000)
 Metaspace       used 91540K, capacity 96184K, committed 96256K, reserved 1132544K
  class space    used 12299K, capacity 13243K, committed 13312K, reserved 1048576K

Card table byte_map: [0x0000000011da0000,0x00000000121b0000] byte_map_base: 0x00000000119a0000

Marking Bits: (ParMarkBitMap*) 0x000000007092f030
 Begin Bits: [0x0000000012860000, 0x0000000014860000)
 End Bits:   [0x0000000014860000, 0x0000000016860000)

Polling page: 0x0000000000b40000

CodeCache: size=245760Kb used=41362Kb max_used=41632Kb free=204397Kb
 bounds [0x00000000029e0000, 0x00000000052f0000, 0x00000000119e0000]
 total_blobs=13250 nmethods=12403 adapters=758
 compilation: enabled

Compilation events (10 events):
Event: 1168.666 Thread 0x000000001895f800 14971       3       com.android.tools.r8.graph.Y0$$Lambda$991/1163861249::apply (16 bytes)
Event: 1168.667 Thread 0x000000001895f800 nmethod 14971 0x0000000004ecb1d0 code [0x0000000004ecb360, 0x0000000004ecb7d8]
Event: 1168.667 Thread 0x000000001895f800 14972       3       com.android.tools.r8.q.a.a.a.J::test (8 bytes)
Event: 1168.667 Thread 0x000000001895f800 nmethod 14972 0x0000000004ecadd0 code [0x0000000004ecaf40, 0x0000000004ecb148]
Event: 1168.667 Thread 0x000000001895f800 14973       3       com.android.tools.r8.graph.Z0$$Lambda$993/259151826::accept (16 bytes)
Event: 1168.667 Thread 0x000000001895f800 nmethod 14973 0x0000000004ec9e90 code [0x0000000004eca060, 0x0000000004eca8d8]
Event: 1168.667 Thread 0x000000001895f800 14974       3       com.android.tools.r8.utils.q1::a (13 bytes)
Event: 1168.667 Thread 0x000000001895f800 nmethod 14974 0x0000000004ec9b10 code [0x0000000004ec9c60, 0x0000000004ec9e10]
Event: 1168.668 Thread 0x000000001895f800 14975       3       com.android.tools.r8.graph.u::a (77 bytes)
Event: 1168.668 Thread 0x000000001895f800 nmethod 14975 0x0000000004ec9690 code [0x0000000004ec9800, 0x0000000004ec99f0]

GC Heap History (10 events):
Event: 1153.955 GC heap before
{Heap before GC invocations=19 (full 3):
 PSYoungGen      total 220672K, used 210236K [0x00000000d5580000, 0x00000000e6a80000, 0x0000000100000000)
  eden space 195584K, 100% used [0x00000000d5580000,0x00000000e1480000,0x00000000e1480000)
  from space 25088K, 58% used [0x00000000e1480000,0x00000000e22cf3e0,0x00000000e2d00000)
  to   space 25088K, 0% used [0x00000000e5200000,0x00000000e5200000,0x00000000e6a80000)
 ParOldGen       total 135680K, used 58309K [0x0000000080000000, 0x0000000088480000, 0x00000000d5580000)
  object space 135680K, 42% used [0x0000000080000000,0x00000000838f17c8,0x0000000088480000)
 Metaspace       used 82322K, capacity 86594K, committed 86784K, reserved 1124352K
  class space    used 11070K, capacity 11966K, committed 12032K, reserved 1048576K
Event: 1153.984 GC heap after
Heap after GC invocations=19 (full 3):
 PSYoungGen      total 251392K, used 25072K [0x00000000d5580000, 0x00000000e6a80000, 0x0000000100000000)
  eden space 226304K, 0% used [0x00000000d5580000,0x00000000d5580000,0x00000000e3280000)
  from space 25088K, 99% used [0x00000000e5200000,0x00000000e6a7c2c0,0x00000000e6a80000)
  to   space 28672K, 0% used [0x00000000e3280000,0x00000000e3280000,0x00000000e4e80000)
 ParOldGen       total 135680K, used 59162K [0x0000000080000000, 0x0000000088480000, 0x00000000d5580000)
  object space 135680K, 43% used [0x0000000080000000,0x00000000839c6ad0,0x0000000088480000)
 Metaspace       used 82322K, capacity 86594K, committed 86784K, reserved 1124352K
  class space    used 11070K, capacity 11966K, committed 12032K, reserved 1048576K
}
Event: 1157.224 GC heap before
{Heap before GC invocations=20 (full 3):
 PSYoungGen      total 251392K, used 251376K [0x00000000d5580000, 0x00000000e6a80000, 0x0000000100000000)
  eden space 226304K, 100% used [0x00000000d5580000,0x00000000e3280000,0x00000000e3280000)
  from space 25088K, 99% used [0x00000000e5200000,0x00000000e6a7c2c0,0x00000000e6a80000)
  to   space 28672K, 0% used [0x00000000e3280000,0x00000000e3280000,0x00000000e4e80000)
 ParOldGen       total 135680K, used 59162K [0x0000000080000000, 0x0000000088480000, 0x00000000d5580000)
  object space 135680K, 43% used [0x0000000080000000,0x00000000839c6ad0,0x0000000088480000)
 Metaspace       used 83681K, capacity 87900K, committed 88192K, reserved 1126400K
  class space    used 11187K, capacity 12077K, committed 12160K, reserved 1048576K
Event: 1157.317 GC heap after
Heap after GC invocations=20 (full 3):
 PSYoungGen      total 254976K, used 28642K [0x00000000d5580000, 0x00000000ea780000, 0x0000000100000000)
  eden space 226304K, 0% used [0x00000000d5580000,0x00000000d5580000,0x00000000e3280000)
  from space 28672K, 99% used [0x00000000e3280000,0x00000000e4e78858,0x00000000e4e80000)
  to   space 45056K, 0% used [0x00000000e7b80000,0x00000000e7b80000,0x00000000ea780000)
 ParOldGen       total 135680K, used 91298K [0x0000000080000000, 0x0000000088480000, 0x00000000d5580000)
  object space 135680K, 67% used [0x0000000080000000,0x0000000085928b60,0x0000000088480000)
 Metaspace       used 83681K, capacity 87900K, committed 88192K, reserved 1126400K
  class space    used 11187K, capacity 12077K, committed 12160K, reserved 1048576K
}
Event: 1163.837 GC heap before
{Heap before GC invocations=21 (full 3):
 PSYoungGen      total 254976K, used 254946K [0x00000000d5580000, 0x00000000ea780000, 0x0000000100000000)
  eden space 226304K, 100% used [0x00000000d5580000,0x00000000e3280000,0x00000000e3280000)
  from space 28672K, 99% used [0x00000000e3280000,0x00000000e4e78858,0x00000000e4e80000)
  to   space 45056K, 0% used [0x00000000e7b80000,0x00000000e7b80000,0x00000000ea780000)
 ParOldGen       total 135680K, used 91298K [0x0000000080000000, 0x0000000088480000, 0x00000000d5580000)
  object space 135680K, 67% used [0x0000000080000000,0x0000000085928b60,0x0000000088480000)
 Metaspace       used 85966K, capacity 90336K, committed 90496K, reserved 1128448K
  class space    used 11459K, capacity 12379K, committed 12416K, reserved 1048576K
Event: 1163.901 GC heap after
Heap after GC invocations=21 (full 3):
 PSYoungGen      total 293888K, used 9046K [0x00000000d5580000, 0x00000000ea280000, 0x0000000100000000)
  eden space 253952K, 0% used [0x00000000d5580000,0x00000000d5580000,0x00000000e4d80000)
  from space 39936K, 22% used [0x00000000e7b80000,0x00000000e8455938,0x00000000ea280000)
  to   space 43520K, 0% used [0x00000000e4d80000,0x00000000e4d80000,0x00000000e7800000)
 ParOldGen       total 135680K, used 118508K [0x0000000080000000, 0x0000000088480000, 0x00000000d5580000)
  object space 135680K, 87% used [0x0000000080000000,0x00000000873bb3a0,0x0000000088480000)
 Metaspace       used 85966K, capacity 90336K, committed 90496K, reserved 1128448K
  class space    used 11459K, capacity 12379K, committed 12416K, reserved 1048576K
}
Event: 1163.902 GC heap before
{Heap before GC invocations=22 (full 4):
 PSYoungGen      total 293888K, used 9046K [0x00000000d5580000, 0x00000000ea280000, 0x0000000100000000)
  eden space 253952K, 0% used [0x00000000d5580000,0x00000000d5580000,0x00000000e4d80000)
  from space 39936K, 22% used [0x00000000e7b80000,0x00000000e8455938,0x00000000ea280000)
  to   space 43520K, 0% used [0x00000000e4d80000,0x00000000e4d80000,0x00000000e7800000)
 ParOldGen       total 135680K, used 118508K [0x0000000080000000, 0x0000000088480000, 0x00000000d5580000)
  object space 135680K, 87% used [0x0000000080000000,0x00000000873bb3a0,0x0000000088480000)
 Metaspace       used 85966K, capacity 90336K, committed 90496K, reserved 1128448K
  class space    used 11459K, capacity 12379K, committed 12416K, reserved 1048576K
Event: 1164.234 GC heap after
Heap after GC invocations=22 (full 4):
 PSYoungGen      total 293888K, used 0K [0x00000000d5580000, 0x00000000ea280000, 0x0000000100000000)
  eden space 253952K, 0% used [0x00000000d5580000,0x00000000d5580000,0x00000000e4d80000)
  from space 39936K, 0% used [0x00000000e7b80000,0x00000000e7b80000,0x00000000ea280000)
  to   space 43520K, 0% used [0x00000000e4d80000,0x00000000e4d80000,0x00000000e7800000)
 ParOldGen       total 135680K, used 69829K [0x0000000080000000, 0x0000000088480000, 0x00000000d5580000)
  object space 135680K, 51% used [0x0000000080000000,0x0000000084431540,0x0000000088480000)
 Metaspace       used 85929K, capacity 90226K, committed 90496K, reserved 1128448K
  class space    used 11447K, capacity 12358K, committed 12416K, reserved 1048576K
}
Event: 1167.406 GC heap before
{Heap before GC invocations=23 (full 4):
 PSYoungGen      total 293888K, used 253952K [0x00000000d5580000, 0x00000000ea280000, 0x0000000100000000)
  eden space 253952K, 100% used [0x00000000d5580000,0x00000000e4d80000,0x00000000e4d80000)
  from space 39936K, 0% used [0x00000000e7b80000,0x00000000e7b80000,0x00000000ea280000)
  to   space 43520K, 0% used [0x00000000e4d80000,0x00000000e4d80000,0x00000000e7800000)
 ParOldGen       total 135680K, used 69829K [0x0000000080000000, 0x0000000088480000, 0x00000000d5580000)
  object space 135680K, 51% used [0x0000000080000000,0x0000000084431540,0x0000000088480000)
 Metaspace       used 89404K, capacity 93908K, committed 94080K, reserved 1130496K
  class space    used 11902K, capacity 12839K, committed 12928K, reserved 1048576K
Event: 1167.422 GC heap after
Heap after GC invocations=23 (full 4):
 PSYoungGen      total 297472K, used 27879K [0x00000000d5580000, 0x00000000ea280000, 0x0000000100000000)
  eden space 253952K, 0% used [0x00000000d5580000,0x00000000d5580000,0x00000000e4d80000)
  from space 43520K, 64% used [0x00000000e4d80000,0x00000000e68b9df8,0x00000000e7800000)
  to   space 39936K, 0% used [0x00000000e7b80000,0x00000000e7b80000,0x00000000ea280000)
 ParOldGen       total 135680K, used 69837K [0x0000000080000000, 0x0000000088480000, 0x00000000d5580000)
  object space 135680K, 51% used [0x0000000080000000,0x0000000084433540,0x0000000088480000)
 Metaspace       used 89404K, capacity 93908K, committed 94080K, reserved 1130496K
  class space    used 11902K, capacity 12839K, committed 12928K, reserved 1048576K
}

Deoptimization events (10 events):
Event: 1168.263 Thread 0x000000001d4db800 Uncommon trap: reason=class_check action=maybe_recompile pc=0x00000000052b7c70 method=com.android.tools.r8.dex.n.a(ILjava/util/function/Supplier;)Ljava/lang/Object; @ 33
Event: 1168.263 Thread 0x000000001d4dd000 Uncommon trap: reason=class_check action=maybe_recompile pc=0x00000000052b7c70 method=com.android.tools.r8.dex.n.a(ILjava/util/function/Supplier;)Ljava/lang/Object; @ 33
Event: 1168.263 Thread 0x000000001d4da000 Uncommon trap: reason=class_check action=maybe_recompile pc=0x00000000052b7c70 method=com.android.tools.r8.dex.n.a(ILjava/util/function/Supplier;)Ljava/lang/Object; @ 33
Event: 1168.263 Thread 0x000000001d4de000 Uncommon trap: reason=class_check action=maybe_recompile pc=0x00000000052b7c70 method=com.android.tools.r8.dex.n.a(ILjava/util/function/Supplier;)Ljava/lang/Object; @ 33
Event: 1168.349 Thread 0x000000001d4da000 Uncommon trap: reason=unstable_if action=reinterpret pc=0x000000000341df70 method=java.util.Arrays.hashCode([Ljava/lang/Object;)I @ 1
Event: 1168.349 Thread 0x000000001d4da000 Uncommon trap: reason=unstable_if action=reinterpret pc=0x0000000004c1c068 method=com.android.tools.r8.graph.d0.computeEquals(Ljava/lang/Object;)Z @ 37
Event: 1168.350 Thread 0x000000001d4dd000 Uncommon trap: reason=unstable_if action=reinterpret pc=0x0000000004c1c068 method=com.android.tools.r8.graph.d0.computeEquals(Ljava/lang/Object;)Z @ 37
Event: 1168.351 Thread 0x000000001d4db800 Uncommon trap: reason=unstable_if action=reinterpret pc=0x0000000002be2850 method=com.android.tools.r8.t.a.a.a.f.X.get(I)Ljava/lang/Object; @ 1
Event: 1168.374 Thread 0x000000001d4db800 Uncommon trap: reason=unstable_if action=reinterpret pc=0x0000000004d06b18 method=com.android.tools.r8.graph.g0.computeEquals(Ljava/lang/Object;)Z @ 23
Event: 1168.394 Thread 0x000000001d4db800 Uncommon trap: reason=unstable_if action=reinterpret pc=0x0000000002c3f000 method=com.android.tools.r8.graph.i0.b(Lcom/android/tools/r8/graph/i0;)I @ 49

Classes redefined (0 events):
No events

Internal exceptions (10 events):
Event: 1165.249 Thread 0x000000001d4d6800 Exception <a 'sun/nio/fs/WindowsException'> (0x00000000d8f8bf68) thrown at [C:\src\AOSP-openjdk-git\hotspot\src\share\vm\prims\jni.cpp, line 710]
Event: 1165.347 Thread 0x000000001d4d7000 Exception <a 'sun/nio/fs/WindowsException'> (0x00000000d918eae0) thrown at [C:\src\AOSP-openjdk-git\hotspot\src\share\vm\prims\jni.cpp, line 710]
Event: 1165.347 Thread 0x000000001d4d7000 Exception <a 'sun/nio/fs/WindowsException'> (0x00000000d918efa8) thrown at [C:\src\AOSP-openjdk-git\hotspot\src\share\vm\prims\jni.cpp, line 710]
Event: 1166.649 Thread 0x0000000019e74800 Exception <a 'java/lang/NoSuchMethodError': <clinit>> (0x00000000dfdfb978) thrown at [C:\src\AOSP-openjdk-git\hotspot\src\share\vm\prims\jni.cpp, line 1615]
Event: 1166.653 Thread 0x0000000019e74800 Exception <a 'java/lang/NoSuchMethodError': <clinit>> (0x00000000dfe47260) thrown at [C:\src\AOSP-openjdk-git\hotspot\src\share\vm\prims\jni.cpp, line 1615]
Event: 1166.663 Thread 0x000000001d4d7000 Exception <a 'java/lang/NoSuchMethodError': java.lang.Object.lambda$asRunnable$0(Lcom/android/tools/build/apkzlib/utils/IOExceptionRunnable;)V> (0x00000000dff14788) thrown at [C:\src\AOSP-openjdk-git\hotspot\src\share\vm\interpreter\linkResolver.cpp, line
Event: 1166.774 Thread 0x000000001d4d7000 Exception <a 'java/lang/NoSuchMethodError': java.lang.Object.newSystemTemporaryDirectory()Lcom/android/tools/build/apkzlib/bytestorage/TemporaryDirectory;> (0x00000000e0925e30) thrown at [C:\src\AOSP-openjdk-git\hotspot\src\share\vm\interpreter\linkResolv
Event: 1167.187 Thread 0x0000000019e72000 Exception <a 'java/lang/NoSuchMethodError': <clinit>> (0x00000000e325e080) thrown at [C:\src\AOSP-openjdk-git\hotspot\src\share\vm\prims\jni.cpp, line 1615]
Event: 1167.573 Thread 0x000000001d4d6800 Exception <a 'sun/nio/fs/WindowsException'> (0x00000000d6a02be8) thrown at [C:\src\AOSP-openjdk-git\hotspot\src\share\vm\prims\jni.cpp, line 710]
Event: 1168.349 Thread 0x000000001d4da000 Implicit null exception at 0x000000000341de6f to 0x000000000341df61

Events (10 events):
Event: 1168.420 loading class com/android/tools/r8/t/a/a/a/h/g0
Event: 1168.420 loading class com/android/tools/r8/t/a/a/a/h/g0 done
Event: 1168.422 loading class com/android/tools/r8/s/a/p/i
Event: 1168.422 loading class com/android/tools/r8/s/a/p/i done
Event: 1168.423 loading class com/android/tools/r8/s/a/p/k
Event: 1168.423 loading class com/android/tools/r8/s/a/p/k done
Event: 1168.446 Thread 0x000000001d4db800 DEOPT PACKING pc=0x0000000004d40391 sp=0x000000002e61eb40
Event: 1168.446 Thread 0x000000001d4db800 DEOPT UNPACKING pc=0x0000000002a275d0 sp=0x000000002e61e830 mode 0
Event: 1168.449 Thread 0x000000001d4db800 DEOPT PACKING pc=0x0000000004e1af2c sp=0x000000002e61e880
Event: 1168.449 Thread 0x000000001d4db800 DEOPT UNPACKING pc=0x0000000002a275d0 sp=0x000000002e61e660 mode 0


Dynamic libraries:
0x00007ff73b870000 - 0x00007ff73b8a1000 	C:\Program Files\Android\Android Studio\jre\bin\java.exe
0x00007ffa20e30000 - 0x00007ffa21025000 	C:\WINDOWS\SYSTEM32\ntdll.dll
0x00007ffa20330000 - 0x00007ffa203ed000 	C:\WINDOWS\System32\KERNEL32.DLL
0x00007ffa1ea30000 - 0x00007ffa1ecf9000 	C:\WINDOWS\System32\KERNELBASE.dll
0x00007ffa1f9a0000 - 0x00007ffa1fa4c000 	C:\WINDOWS\System32\ADVAPI32.dll
0x00007ffa20b10000 - 0x00007ffa20bae000 	C:\WINDOWS\System32\msvcrt.dll
0x00007ffa1f080000 - 0x00007ffa1f11b000 	C:\WINDOWS\System32\sechost.dll
0x00007ffa1f870000 - 0x00007ffa1f99a000 	C:\WINDOWS\System32\RPCRT4.dll
0x00007ffa207c0000 - 0x00007ffa20960000 	C:\WINDOWS\System32\USER32.dll
0x00007ffa1e9d0000 - 0x00007ffa1e9f2000 	C:\WINDOWS\System32\win32u.dll
0x00007ffa20280000 - 0x00007ffa202aa000 	C:\WINDOWS\System32\GDI32.dll
0x00007ffa1e620000 - 0x00007ffa1e72b000 	C:\WINDOWS\System32\gdi32full.dll
0x00007ffa1ed00000 - 0x00007ffa1ed9d000 	C:\WINDOWS\System32\msvcp_win.dll
0x00007ffa1eda0000 - 0x00007ffa1eea0000 	C:\WINDOWS\System32\ucrtbase.dll
0x00007ffa0bf10000 - 0x00007ffa0c1aa000 	C:\WINDOWS\WinSxS\amd64_microsoft.windows.common-controls_6595b64144ccf1df_6.0.19041.1110_none_60b5254171f9507e\COMCTL32.dll
0x00007ffa206b0000 - 0x00007ffa206e0000 	C:\WINDOWS\System32\IMM32.DLL
0x000000006ffa0000 - 0x0000000070072000 	C:\Program Files\Android\Android Studio\jre\jre\bin\msvcr100.dll
0x0000000070160000 - 0x00000000709ab000 	C:\Program Files\Android\Android Studio\jre\jre\bin\server\jvm.dll
0x00007ffa206e0000 - 0x00007ffa206e8000 	C:\WINDOWS\System32\PSAPI.DLL
0x00007ffa07d20000 - 0x00007ffa07d29000 	C:\WINDOWS\SYSTEM32\WSOCK32.dll
0x00007ffa158f0000 - 0x00007ffa158fa000 	C:\WINDOWS\SYSTEM32\VERSION.dll
0x00007ffa08400000 - 0x00007ffa08427000 	C:\WINDOWS\SYSTEM32\WINMM.dll
0x00007ffa206f0000 - 0x00007ffa2075b000 	C:\WINDOWS\System32\WS2_32.dll
0x00007ffa190e0000 - 0x00007ffa190ef000 	C:\Program Files\Android\Android Studio\jre\jre\bin\verify.dll
0x00007ffa18310000 - 0x00007ffa18339000 	C:\Program Files\Android\Android Studio\jre\jre\bin\java.dll
0x00007ffa18750000 - 0x00007ffa18766000 	C:\Program Files\Android\Android Studio\jre\jre\bin\zip.dll
0x00007ffa1f120000 - 0x00007ffa1f85f000 	C:\WINDOWS\System32\SHELL32.dll
0x00007ffa1c290000 - 0x00007ffa1ca21000 	C:\WINDOWS\SYSTEM32\windows.storage.dll
0x00007ffa1fab0000 - 0x00007ffa1fe05000 	C:\WINDOWS\System32\combase.dll
0x00007ffa1dfe0000 - 0x00007ffa1e00c000 	C:\WINDOWS\SYSTEM32\Wldp.dll
0x00007ffa20510000 - 0x00007ffa205be000 	C:\WINDOWS\System32\SHCORE.dll
0x00007ffa1fa50000 - 0x00007ffa1faa5000 	C:\WINDOWS\System32\shlwapi.dll
0x00007ffa1e4b0000 - 0x00007ffa1e4cf000 	C:\WINDOWS\SYSTEM32\profapi.dll
0x00007ffa18540000 - 0x00007ffa1855a000 	C:\Program Files\Android\Android Studio\jre\jre\bin\net.dll
0x00007ffa1dd40000 - 0x00007ffa1ddaa000 	C:\WINDOWS\system32\mswsock.dll
0x00007ffa182d0000 - 0x00007ffa182e3000 	C:\Program Files\Android\Android Studio\jre\jre\bin\nio.dll
0x00007ffa12710000 - 0x00007ffa12737000 	C:\Users\Nam\.gradle\native\f6784746aeab05261644944871eae4fe03e0ef1612fff0a4a95f87b438bc6780\windows-amd64\native-platform.dll
0x00007ffa190d0000 - 0x00007ffa190dd000 	C:\Program Files\Android\Android Studio\jre\jre\bin\management.dll
0x00007ffa1df20000 - 0x00007ffa1df38000 	C:\WINDOWS\SYSTEM32\CRYPTSP.dll
0x00007ffa1d670000 - 0x00007ffa1d6a4000 	C:\WINDOWS\system32\rsaenh.dll
0x00007ffa1ea00000 - 0x00007ffa1ea27000 	C:\WINDOWS\System32\bcrypt.dll
0x00007ffa1e470000 - 0x00007ffa1e49e000 	C:\WINDOWS\SYSTEM32\USERENV.dll
0x00007ffa1e730000 - 0x00007ffa1e7b3000 	C:\WINDOWS\System32\bcryptprimitives.dll
0x00007ffa1df40000 - 0x00007ffa1df4c000 	C:\WINDOWS\SYSTEM32\CRYPTBASE.dll
0x00007ffa1d9e0000 - 0x00007ffa1da1b000 	C:\WINDOWS\SYSTEM32\IPHLPAPI.DLL
0x00007ffa206a0000 - 0x00007ffa206a8000 	C:\WINDOWS\System32\NSI.dll
0x00007ffa143f0000 - 0x00007ffa14407000 	C:\WINDOWS\SYSTEM32\dhcpcsvc6.DLL
0x00007ffa15900000 - 0x00007ffa1591d000 	C:\WINDOWS\SYSTEM32\dhcpcsvc.DLL
0x00007ffa1da30000 - 0x00007ffa1dafc000 	C:\WINDOWS\SYSTEM32\DNSAPI.dll
0x00007ffa16260000 - 0x00007ffa1626b000 	C:\WINDOWS\SYSTEM32\WINNSI.DLL
0x00007ffa1d2a0000 - 0x00007ffa1d2d3000 	C:\WINDOWS\SYSTEM32\ntmarta.dll

VM Arguments:
jvm_args: -Xmx2048m -Dfile.encoding=UTF-8 -Duser.country=KR -Duser.language=ko -Duser.variant 
java_command: org.gradle.launcher.daemon.bootstrap.GradleDaemon 6.5
java_class_path (initial): C:\Users\Nam\.gradle\wrapper\dists\gradle-6.5-bin\6nifqtx7604sqp1q6g8wikw7p\gradle-6.5\lib\gradle-launcher-6.5.jar
Launcher Type: SUN_STANDARD

Environment Variables:
JAVA_HOME=C:\Program Files\Java\jdk-15
PATH=C:\Program Files\Common Files\Oracle\Java\javapath;C:\Program Files (x86)\Intel\iCLS Client\;C:\Program Files\Intel\iCLS Client\;C:\WINDOWS\system32;C:\WINDOWS;C:\WINDOWS\System32\Wbem;C:\WINDOWS\System32\WindowsPowerShell\v1.0\;C:\Program Files\Intel\WiFi\bin\;C:\Program Files\Common Files\Intel\WirelessCommon\;C:\Program Files (x86)\Intel\Intel(R) Management Engine Components\DAL;C:\Program Files\Intel\Intel(R) Management Engine Components\DAL;C:\Program Files (x86)\Intel\Intel(R) Management Engine Components\IPT;C:\Program Files\Intel\Intel(R) Management Engine Components\IPT;C:\WINDOWS\System32\OpenSSH\;C:\Program Files\Java\jdk-15\bin\;C:\Program Files\Git\cmd;C:\Program Files\PuTTY\;C:\Users\Nam\AppData\Local\Programs\Python\Python38\Scripts\;C:\Users\Nam\AppData\Local\Programs\Python\Python38\;C:\Program Files\MySQL\MySQL Shell 8.0\bin\;C:\Users\Nam\AppData\Local\Microsoft\WindowsApps;C:\Program Files\Intel\WiFi\bin\;C:\Program Files\Common Files\Intel\WirelessCommon\;C:\Program Files\JetBrains\PyCharm Community Edition 2020.2.3\bin;;C:\Users\Nam\AppData\Local\GitHubDesktop\bin;;C:\Users\Nam\AppData\Local\afreeca;C:\Program Files (x86)\ESTsoft\ALSee\x64
USERNAME=Nam
OS=Windows_NT
PROCESSOR_IDENTIFIER=Intel64 Family 6 Model 142 Stepping 9, GenuineIntel



---------------  S Y S T E M  ---------------

OS: Windows 10.0 , 64 bit Build 19041 (10.0.19041.1023)

CPU:total 4 (initial active 4) (2 cores per cpu, 2 threads per core) family 6 model 142 stepping 9, cmov, cx8, fxsr, mmx, sse, sse2, sse3, ssse3, sse4.1, sse4.2, popcnt, avx, avx2, aes, clmul, erms, 3dnowpref, lzcnt, ht, tsc, tscinvbit, bmi1, bmi2, adx

Memory: 4k page, physical 8300372k(491752k free), swap 21100368k(5236k free)

vm_info: OpenJDK 64-Bit Server VM (25.242-b01) for windows-amd64 JRE (1.8.0_242-release-1644-b01), built by "builder" with MS VC++ 10.0 (VS2010)

time: Sun Jul 25 13:10:17 2021
timezone: 대한민국 표준시
elapsed time: 1168 seconds (0d 0h 19m 28s)

